<?xml version="1.0" encoding="UTF-8"?>
<!-- Generated by org.testng.reporters.JUnitReportReporter -->
<testsuite hostname="DESKTOP-VOHK0TT" failures="0" tests="4" name="api.test.UserTests" time="9.463" errors="0" timestamp="2024-07-30T09:00:02 IST" skipped="0">
  <testcase classname="api.test.UserTests" name="testPostUser" time="4.763"/>
  <testcase classname="api.test.UserTests" name="testGetUserByName" time="1.264"/>
  <testcase classname="api.test.UserTests" name="testUpdateUserByName" time="2.311"/>
  <testcase classname="api.test.UserTests" name="deleteUser" time="1.125"/>
</testsuite> <!-- api.test.UserTests -->
