<?xml version="1.0" encoding="UTF-8"?>
<!-- Generated by org.testng.reporters.JUnitReportReporter -->
<testsuite hostname="DESKTOP-VOHK0TT" failures="0" tests="4" name="api.test.UserTests2" time="8.917" errors="0" timestamp="2024-07-30T10:38:07 IST" skipped="0">
  <testcase classname="api.test.UserTests2" name="testPostUser" time="4.169"/>
  <testcase classname="api.test.UserTests2" name="testGetUserByName" time="1.220"/>
  <testcase classname="api.test.UserTests2" name="testUpdateUserByName" time="2.378"/>
  <testcase classname="api.test.UserTests2" name="deleteUser" time="1.150"/>
</testsuite> <!-- api.test.UserTests2 -->
